[debug] [2022-10-15T18:30:27.935Z] ----------------------------------------------------------------------
[debug] [2022-10-15T18:30:27.936Z] Command:       C:\Program Files\nodejs\node.exe C:\Users\rachelsng\AppData\Roaming\npm\node_modules\firebase-tools\lib\bin\firebase.js init
[debug] [2022-10-15T18:30:27.936Z] CLI Version:   11.14.4
[debug] [2022-10-15T18:30:27.936Z] Platform:      win32
[debug] [2022-10-15T18:30:27.936Z] Node Version:  v16.17.1
[debug] [2022-10-15T18:30:27.937Z] Time:          Sun Oct 16 2022 02:30:27 GMT+0800 (Singapore Standard Time)
[debug] [2022-10-15T18:30:27.937Z] ----------------------------------------------------------------------
[debug] 
[debug] [2022-10-15T18:30:27.941Z] > command requires scopes: ["email","openid","https://www.googleapis.com/auth/cloudplatformprojects.readonly","https://www.googleapis.com/auth/firebase","https://www.googleapis.com/auth/cloud-platform"]
[debug] [2022-10-15T18:30:27.941Z] > authorizing via signed-in user (rachel.sng.2021@smu.edu.sg)
[info] 
     ######## #### ########  ######## ########     ###     ######  ########
     ##        ##  ##     ## ##       ##     ##  ##   ##  ##       ##
     ######    ##  ########  ######   ########  #########  ######  ######
     ##        ##  ##    ##  ##       ##     ## ##     ##       ## ##
     ##       #### ##     ## ######## ########  ##     ##  ######  ########

You're about to initialize a Firebase project in this directory:

  C:\wamp64\www\wad2-project\wad2proj

Before we get started, keep in mind:

  * You are currently outside your home directory

